<?xml version="1.0" encoding="UTF-8"?>
<testng-results ignored="0" total="1" passed="1" failed="0" skipped="0">
  <reporter-output>
  </reporter-output>
  <suite started-at="2021-07-04T17:43:56 IST" name="Default suite" finished-at="2021-07-04T17:44:15 IST" duration-ms="19455">
    <groups>
    </groups>
    <test started-at="2021-07-04T17:43:56 IST" name="Default test" finished-at="2021-07-04T17:44:15 IST" duration-ms="19455">
      <class name="tests.TestCase1">
        <test-method signature="tc2()[pri:0, instance:tests.TestCase1@60723d6a]" started-at="2021-07-04T17:43:56 IST" name="tc2" finished-at="2021-07-04T17:44:15 IST" duration-ms="19409" status="PASS">
          <reporter-output>
          </reporter-output>
        </test-method> <!-- tc2 -->
      </class> <!-- tests.TestCase1 -->
    </test> <!-- Default test -->
  </suite> <!-- Default suite -->
</testng-results>
